
################################################################################

 PACKMOL - Packing optimization for the automated generation of
 starting configurations for molecular dynamics simulations.
 
                                                              Version 20.14.0 

################################################################################

  Packmol must be run with: packmol < inputfile.inp 

  Userguide at: http://m3g.iqm.unicamp.br/packmol 

  Reading input file... (Control-C aborts)
  Seed for random number generator:      1234567
  Output file: water_box.xyz
  Reading coordinate file: water.xyz
  Number of independent structures:            1
  The structures are: 
  Structure            1 :(           3  atoms)
  Maximum number of GENCAN loops for all molecule packing:          200
  Total number of restrictions:            1
  Distance tolerance:    2.5000000000000000     
  Number of molecules of type            1 :           32
  Total number of atoms:           96
  Total number of molecules:           32
  Number of fixed molecules:            0
  Number of free molecules:           32
  Number of variables:          192
  Total number of fixed atoms:            0
  Maximum internal distance of type            1 :    1.5813999999999999     
  All atoms must be within these coordinates: 
   x: [   -999.58706631255006      ,    1000.4129336874499       ] 
   y: [   -999.20000000000005      ,    1000.8000000000000       ] 
   z: [   -1000.0000000000000      ,    1000.0000000000000       ] 
  If the system is larger than this, increase the sidemax parameter. 

################################################################################

  Building initial approximation ... 

################################################################################

  Adjusting initial point to fit the constraints 

--------------------------------------------------------------------------------

--------------------------------------------------------------------------------

  Molecules of type:            1

  Packing:|0                                                             100%|
          |******************************************

  Restraint-only function value:    3.1998494405300796E-006
  Maximum violation of the restraints:    1.7764372350677361E-006

--------------------------------------------------------------------------------

  Rescaling maximum and minimum coordinates... 
  Computing size of patches... 
  Add fixed molecules to permanent arrays... 
  Reseting center of mass... 

--------------------------------------------------------------------------------

  Setting initial trial coordinates ... 

--------------------------------------------------------------------------------

--------------------------------------------------------------------------------

  Molecules of type:            1
  Adjusting random positions to fit the constraints. 
  Packing:|0                                                             100%|
          |
  Restraint-only function value:    1.3012799315936804E-005
  Maximum violation of the restraints:    1.1732487440853091E-005

################################################################################

  Objective function at initial point:    3668.7973283764763     

################################################################################

  Packing molecules of type:            1

################################################################################


--------------------------------------------------------------------------------

  Starting GENCAN loop:            0
  Scaling radii by:    1.1000000000000001     

  Packing:|0                                                             100%|
          |******************************************************************|
          |******************************************************************|

  Function value from last GENCAN loop: f = .61283E-01
  Best function value before: f = .36688E+04
  Improvement from best function value:    99.99 %
  Improvement from last loop:    99.99 %
  Maximum violation of target distance:     0.000000
  Maximum violation of the constraints: .20456E-01
  All-type function value: .61283E-01

--------------------------------------------------------------------------------


--------------------------------------------------------------------------------

  Starting GENCAN loop:            1
  Scaling radii by:    1.1000000000000001     

  Packing:|0                                                             100%|
          |*********************

  Function value from last GENCAN loop: f = .11591E-01
  Best function value before: f = .61283E-01
  Improvement from best function value:    81.09 %
  Improvement from last loop:    81.09 %
  Maximum violation of target distance:     0.000000
  Maximum violation of the constraints: .33236E-02
  Current structure written to file: water_box.xyz
--------------------------------------------------------------------------------
  Packing solved for molecules of type           1
  Objective function value:    1.1591031297619464E-002
  Maximum violation of target distance:    0.0000000000000000     
  Max. constraint violation:    3.3235653512825873E-003
--------------------------------------------------------------------------------

################################################################################

  Packing all molecules together 

################################################################################


  Initial approximation is a solution. Nothing to do. 

  Solution written to file: water_box.xyz

################################################################################

                                 Success! 
              Final objective function value: .27143E-01
              Maximum violation of target distance:   0.000000
              Maximum violation of the constraints: .33236E-02

--------------------------------------------------------------------------------

              Please cite this work if Packmol was useful: 

           L. Martinez, R. Andrade, E. G. Birgin, J. M. Martinez, 
         PACKMOL: A package for building initial configurations for
                   molecular dynamics simulations. 
          Journal of Computational Chemistry, 30:2157-2164,2009.

################################################################################

   Running time:    1.08250007E-02  seconds. 

--------------------------------------------------------------------------------


